model-1643279507,1643279508.611,0.54,0.2494,0.38,0.273
model-1643279507,1643279509.265,0.55,0.2474,0.45,0.2533
model-1643279507,1643279509.918,0.51,0.2495,0.54,0.2485
model-1643279507,1643279510.564,0.5,0.2491,0.56,0.2478
model-1643279507,1643279511.208,0.47,0.2575,0.55,0.2473
model-1643279507,1643279511.851,0.47,0.2521,0.56,0.2491
model-1643279507,1643279512.492,0.6,0.2488,0.46,0.2526
model-1643279507,1643279513.133,0.38,0.2554,0.53,0.2486
model-1643279507,1643279513.774,0.49,0.2504,0.37,0.2536
model-1643279507,1643279514.414,0.5,0.2495,0.46,0.2504
model-1643279507,1643279515.055,0.48,0.2504,0.39,0.2514
model-1643279507,1643279515.698,0.55,0.2495,0.47,0.251
model-1643279507,1643279516.343,0.51,0.2501,0.5,0.25
model-1643279507,1643279516.995,0.5,0.2498,0.43,0.2513
model-1643279507,1643279517.647,0.5,0.2494,0.41,0.252
model-1643279507,1643279518.292,0.42,0.2518,0.56,0.2492
model-1643279507,1643279518.934,0.47,0.2497,0.57,0.2499
model-1643279507,1643279519.576,0.52,0.2496,0.47,0.25
model-1643279507,1643279520.217,0.57,0.2491,0.56,0.2487
model-1643279507,1643279520.858,0.51,0.2492,0.46,0.25
model-1643279507,1643279521.499,0.45,0.2499,0.38,0.2516
model-1643279507,1643279522.14,0.53,0.248,0.46,0.2507
model-1643279507,1643279522.782,0.44,0.2502,0.49,0.2501
model-1643279507,1643279523.425,0.52,0.2495,0.45,0.2509
model-1643279507,1643279524.066,0.46,0.2506,0.54,0.2492
model-1643279507,1643279524.709,0.56,0.2485,0.57,0.2493
model-1643279507,1643279525.351,0.61,0.2471,0.57,0.2484
model-1643279507,1643279525.994,0.53,0.2493,0.47,0.2524
model-1643279507,1643279526.638,0.54,0.2463,0.49,0.2522
model-1643279507,1643279527.28,0.49,0.2508,0.51,0.2495
model-1643279507,1643279527.926,0.62,0.2451,0.45,0.2579
model-1643279507,1643279528.568,0.54,0.2476,0.63,0.2347
model-1643279507,1643279529.212,0.52,0.2509,0.47,0.2578
model-1643279507,1643279529.858,0.53,0.249,0.44,0.2541
model-1643279507,1643279530.506,0.45,0.2566,0.54,0.2484
model-1643279507,1643279531.151,0.56,0.2447,0.53,0.2484
model-1643279507,1643279531.797,0.55,0.2472,0.63,0.2441
model-1643279507,1643279532.443,0.53,0.2477,0.52,0.2471
model-1643279507,1643279533.089,0.65,0.2344,0.56,0.2418
model-1643279507,1643279533.739,0.57,0.2451,0.55,0.2457
model-1643279507,1643279534.384,0.45,0.2753,0.55,0.2446
model-1643279507,1643279535.051,0.49,0.2531,0.5,0.2492
model-1643279507,1643279535.705,0.44,0.2546,0.53,0.2506
model-1643279507,1643279536.356,0.52,0.2486,0.57,0.2446
model-1643279507,1643279537.014,0.66,0.2431,0.55,0.246
model-1643279507,1643279537.679,0.49,0.2489,0.48,0.2509
model-1643279507,1643279538.34,0.48,0.2508,0.56,0.2457
model-1643279507,1643279538.992,0.58,0.245,0.45,0.2514
model-1643279507,1643279539.646,0.39,0.2584,0.55,0.2475
model-1643279507,1643279540.301,0.55,0.2464,0.48,0.2499
model-1643279507,1643279540.949,0.53,0.2487,0.62,0.246
model-1643279507,1643279541.596,0.58,0.2477,0.61,0.2484
model-1643279507,1643279542.244,0.53,0.249,0.58,0.2485
model-1643279507,1643279542.89,0.69,0.2465,0.58,0.2453
model-1643279507,1643279543.537,0.59,0.2485,0.59,0.2441
model-1643279507,1643279544.183,0.49,0.2495,0.51,0.2486
model-1643279507,1643279544.83,0.46,0.2467,0.59,0.2396
model-1643279507,1643279545.477,0.51,0.2443,0.6,0.2424
model-1643279507,1643279546.124,0.55,0.2483,0.45,0.2495
model-1643279507,1643279546.77,0.51,0.2463,0.62,0.2384
model-1643279507,1643279547.418,0.59,0.24,0.53,0.259
model-1643279507,1643279548.064,0.6,0.2476,0.61,0.2425
model-1643279507,1643279548.711,0.49,0.2479,0.67,0.2375
model-1643279507,1643279549.359,0.62,0.2383,0.55,0.2481
model-1643279507,1643279550.007,0.54,0.2422,0.58,0.2419
model-1643279507,1643279550.655,0.62,0.2364,0.53,0.2528
model-1643279507,1643279551.306,0.58,0.2403,0.58,0.2474
model-1643279507,1643279551.955,0.63,0.2399,0.61,0.2442
model-1643279507,1643279552.603,0.54,0.2335,0.57,0.2403
model-1643279507,1643279553.251,0.52,0.2494,0.6,0.2362
model-1643279507,1643279553.899,0.62,0.2276,0.64,0.2239
model-1643279507,1643279554.547,0.56,0.2524,0.61,0.233
model-1643279507,1643279555.198,0.63,0.226,0.52,0.2506
model-1643279507,1643279555.847,0.49,0.2727,0.56,0.2438
model-1643279507,1643279556.495,0.45,0.276,0.63,0.2451
model-1643279507,1643279557.143,0.61,0.2418,0.64,0.2327
model-1643279507,1643279557.792,0.57,0.2355,0.58,0.2219
model-1643279507,1643279558.439,0.56,0.2504,0.55,0.2472
model-1643279507,1643279559.087,0.53,0.247,0.57,0.2424
model-1643279507,1643279559.734,0.52,0.2478,0.55,0.243
model-1643279507,1643279560.381,0.46,0.2588,0.54,0.2426
model-1643279507,1643279561.027,0.52,0.2422,0.55,0.2446
model-1643279507,1643279561.674,0.56,0.2406,0.55,0.2445
model-1643279507,1643279562.32,0.64,0.2454,0.56,0.2443
model-1643279507,1643279562.967,0.6,0.2442,0.59,0.2438
model-1643279507,1643279563.613,0.68,0.2416,0.61,0.2426
model-1643279507,1643279564.261,0.6,0.2445,0.57,0.2465
model-1643279507,1643279564.907,0.68,0.2371,0.56,0.2433
model-1643279507,1643279565.555,0.56,0.245,0.48,0.2538
model-1643279507,1643279566.201,0.58,0.2416,0.49,0.254
model-1643279507,1643279566.848,0.61,0.2402,0.52,0.2532
model-1643279507,1643279567.495,0.59,0.2422,0.45,0.2616
model-1643279507,1643279568.143,0.47,0.2612,0.51,0.2552
model-1643279507,1643279568.789,0.56,0.2417,0.54,0.2424
model-1643279507,1643279569.437,0.51,0.2454,0.53,0.2494
model-1643279507,1643279570.084,0.68,0.2295,0.46,0.2666
model-1643279507,1643279570.731,0.49,0.2547,0.56,0.2431
model-1643279507,1643279571.393,0.55,0.2395,0.58,0.241
model-1643279507,1643279572.039,0.55,0.2457,0.59,0.2363
model-1643279507,1643279572.686,0.67,0.2277,0.54,0.247
model-1643279507,1643279573.333,0.53,0.2456,0.55,0.2441
model-1643279507,1643279573.979,0.6,0.2326,0.53,0.244
model-1643279507,1643279574.627,0.56,0.2354,0.53,0.2527
model-1643279507,1643279575.274,0.5,0.2546,0.57,0.2472
model-1643279507,1643279575.92,0.61,0.2418,0.55,0.2437
model-1643279507,1643279576.566,0.6,0.2359,0.59,0.2452
model-1643279507,1643279577.214,0.51,0.2462,0.61,0.237
model-1643279507,1643279577.86,0.57,0.2477,0.65,0.2312
model-1643279507,1643279578.506,0.55,0.2386,0.56,0.2426
model-1643279507,1643279579.153,0.62,0.2355,0.64,0.2297
model-1643279507,1643279579.8,0.58,0.2445,0.65,0.2241
model-1643279507,1643279580.445,0.68,0.2269,0.53,0.2341
model-1643279507,1643279581.092,0.56,0.2334,0.64,0.239
model-1643279507,1643279581.738,0.57,0.2376,0.6,0.2359
model-1643279507,1643279582.384,0.65,0.2254,0.62,0.227
model-1643279507,1643279583.031,0.59,0.2389,0.6,0.2325
model-1643279507,1643279583.677,0.69,0.2179,0.57,0.2522
model-1643279507,1643279584.324,0.59,0.2388,0.59,0.2488
model-1643279507,1643279584.97,0.61,0.229,0.72,0.2035
model-1643279507,1643279585.617,0.58,0.2311,0.66,0.2241
model-1643279507,1643279586.262,0.54,0.2501,0.61,0.2264
model-1643279507,1643279586.908,0.6,0.2447,0.61,0.2235
model-1643279507,1643279587.553,0.5,0.2684,0.55,0.2415
model-1643279507,1643279588.199,0.61,0.2416,0.61,0.2474
model-1643279507,1643279588.854,0.64,0.2296,0.6,0.2282
model-1643279507,1643279589.5,0.61,0.2406,0.62,0.2376
model-1643279507,1643279590.145,0.56,0.2388,0.57,0.237
model-1643279507,1643279590.791,0.61,0.2334,0.61,0.2303
model-1643279507,1643279591.437,0.51,0.2529,0.57,0.2432
model-1643279507,1643279592.084,0.59,0.2332,0.55,0.2473
model-1643279507,1643279592.73,0.57,0.2412,0.52,0.2529
model-1643279507,1643279593.378,0.65,0.2254,0.59,0.2339
model-1643279507,1643279594.023,0.52,0.2458,0.49,0.2506
model-1643279507,1643279594.669,0.62,0.2335,0.57,0.2405
model-1643279507,1643279595.313,0.5,0.2513,0.7,0.2214
model-1643279507,1643279595.959,0.59,0.2407,0.59,0.2375
model-1643279507,1643279596.605,0.69,0.2226,0.62,0.2266
model-1643279507,1643279597.25,0.62,0.2407,0.58,0.2428
model-1643279507,1643279597.895,0.67,0.2282,0.56,0.2321
model-1643279507,1643279598.541,0.62,0.2328,0.64,0.233
model-1643279507,1643279599.187,0.6,0.2421,0.64,0.2246
model-1643279507,1643279599.832,0.61,0.2358,0.7,0.206
model-1643279507,1643279600.477,0.66,0.2318,0.54,0.252
model-1643279507,1643279601.123,0.65,0.2276,0.58,0.2391
model-1643279507,1643279601.769,0.57,0.2318,0.63,0.2378
model-1643279507,1643279602.415,0.64,0.2339,0.66,0.2168
model-1643279507,1643279603.062,0.6,0.2353,0.54,0.2614
model-1643279507,1643279603.708,0.65,0.2188,0.56,0.2623
model-1643279507,1643279604.355,0.6,0.2389,0.63,0.2079
model-1643279507,1643279605.0,0.59,0.2362,0.64,0.2246
model-1643279507,1643279605.646,0.61,0.2404,0.58,0.2691
model-1643279507,1643279606.292,0.56,0.2494,0.61,0.2305
model-1643279507,1643279606.936,0.57,0.2366,0.55,0.2662
model-1643279507,1643279607.582,0.64,0.2302,0.62,0.2391
model-1643279507,1643279608.227,0.56,0.2421,0.67,0.2235
model-1643279507,1643279608.871,0.66,0.2181,0.64,0.2185
model-1643279507,1643279609.517,0.65,0.2254,0.59,0.2355
model-1643279507,1643279610.161,0.65,0.2139,0.67,0.2185
model-1643279507,1643279610.807,0.57,0.238,0.58,0.2468
model-1643279507,1643279611.452,0.65,0.2361,0.53,0.252
model-1643279507,1643279612.098,0.74,0.1997,0.6,0.2301
model-1643279507,1643279612.745,0.55,0.2484,0.55,0.2554
model-1643279507,1643279613.39,0.49,0.274,0.61,0.2355
model-1643279507,1643279614.034,0.55,0.2457,0.56,0.2354
model-1643279507,1643279614.679,0.6,0.2321,0.56,0.2404
model-1643279507,1643279615.324,0.68,0.2232,0.62,0.2333
model-1643279507,1643279615.969,0.63,0.2312,0.64,0.2162
model-1643279507,1643279616.615,0.57,0.2445,0.58,0.2361
model-1643279507,1643279617.26,0.6,0.2358,0.63,0.2288
model-1643279507,1643279617.906,0.68,0.2334,0.61,0.2322
model-1643279507,1643279618.551,0.61,0.2333,0.62,0.233
model-1643279507,1643279619.197,0.59,0.2308,0.62,0.233
model-1643279507,1643279619.842,0.58,0.2378,0.62,0.2349
model-1643279507,1643279620.488,0.6,0.2391,0.56,0.2367
model-1643279507,1643279621.134,0.64,0.2152,0.61,0.2302
model-1643279507,1643279621.779,0.57,0.2322,0.62,0.2395
model-1643279507,1643279622.424,0.57,0.235,0.56,0.235
model-1643279507,1643279623.069,0.74,0.2082,0.56,0.2429
model-1643279507,1643279623.714,0.53,0.2328,0.61,0.2335
model-1643279507,1643279624.36,0.58,0.2353,0.66,0.2298
model-1643279507,1643279625.004,0.51,0.264,0.65,0.2106
model-1643279507,1643279625.65,0.5,0.2579,0.65,0.223
model-1643279507,1643279626.297,0.61,0.2339,0.64,0.2265
model-1643279507,1643279626.942,0.67,0.2058,0.59,0.2356
model-1643279507,1643279627.589,0.6,0.2324,0.6,0.2385
model-1643279507,1643279628.234,0.51,0.2699,0.51,0.2492
model-1643279507,1643279628.88,0.53,0.2517,0.63,0.2249
model-1643279507,1643279629.525,0.57,0.2423,0.61,0.2355
model-1643279507,1643279630.17,0.63,0.2302,0.57,0.2326
model-1643279507,1643279630.816,0.64,0.2266,0.61,0.2403
model-1643279507,1643279631.46,0.53,0.2353,0.68,0.2221
model-1643279507,1643279632.105,0.53,0.2603,0.61,0.2338
model-1643279507,1643279632.75,0.63,0.2467,0.66,0.2199
model-1643279507,1643279633.394,0.59,0.2374,0.6,0.2417
model-1643279507,1643279634.038,0.61,0.2277,0.68,0.2183
model-1643279507,1643279634.684,0.66,0.2254,0.63,0.2446
model-1643279507,1643279635.328,0.55,0.2382,0.69,0.2285
model-1643279507,1643279635.973,0.55,0.254,0.67,0.2271
model-1643279507,1643279636.618,0.5,0.2479,0.66,0.2369
model-1643279507,1643279637.264,0.62,0.2376,0.67,0.2341
model-1643279507,1643279637.909,0.56,0.2392,0.65,0.2284
model-1643279507,1643279638.555,0.64,0.2309,0.62,0.2266
model-1643279507,1643279639.201,0.65,0.2342,0.69,0.2244
model-1643279507,1643279639.847,0.53,0.2444,0.59,0.2278
model-1643279507,1643279640.492,0.68,0.2307,0.56,0.2357
model-1643279507,1643279641.138,0.64,0.2217,0.59,0.2358
model-1643279507,1643279641.783,0.7,0.2116,0.62,0.2338
model-1643279507,1643279642.428,0.75,0.205,0.76,0.2043
model-1643279507,1643279643.073,0.66,0.2215,0.63,0.2279
model-1643279507,1643279643.718,0.7,0.2122,0.64,0.216
model-1643279507,1643279644.363,0.6,0.226,0.64,0.2189
model-1643279507,1643279645.009,0.65,0.2164,0.63,0.2299
model-1643279507,1643279645.654,0.65,0.2356,0.67,0.2091
model-1643279507,1643279646.3,0.57,0.2301,0.64,0.2255
model-1643279507,1643279646.946,0.55,0.2507,0.67,0.2082
model-1643279507,1643279647.592,0.58,0.241,0.64,0.2178
model-1643279507,1643279648.238,0.7,0.204,0.7,0.2027
model-1643279507,1643279648.883,0.63,0.2242,0.67,0.2175
model-1643279507,1643279649.53,0.67,0.2109,0.64,0.205
model-1643279507,1643279650.175,0.62,0.21,0.65,0.2112
model-1643279507,1643279650.822,0.57,0.2561,0.65,0.2151
model-1643279507,1643279651.468,0.71,0.2118,0.58,0.2459
model-1643279507,1643279652.113,0.72,0.1866,0.6,0.2489
model-1643279507,1643279652.759,0.69,0.2156,0.64,0.2246
model-1643279507,1643279653.166,0.65,0.2256,0.64,0.2257
model-1643279507,1643279653.815,0.56,0.2496,0.58,0.2321
model-1643279507,1643279654.46,0.65,0.2075,0.57,0.2424
model-1643279507,1643279655.108,0.66,0.2255,0.71,0.1907
model-1643279507,1643279655.753,0.64,0.2301,0.65,0.2169
model-1643279507,1643279656.398,0.65,0.2239,0.59,0.228
model-1643279507,1643279657.043,0.65,0.2181,0.67,0.1982
model-1643279507,1643279657.688,0.6,0.2207,0.65,0.2274
model-1643279507,1643279658.333,0.57,0.2196,0.64,0.2276
model-1643279507,1643279658.978,0.63,0.2202,0.7,0.2025
model-1643279507,1643279659.623,0.66,0.2172,0.71,0.2013
model-1643279507,1643279660.268,0.68,0.2116,0.66,0.2159
model-1643279507,1643279660.913,0.62,0.2267,0.6,0.2283
model-1643279507,1643279661.558,0.7,0.2272,0.59,0.2365
model-1643279507,1643279662.204,0.67,0.2162,0.62,0.2264
model-1643279507,1643279662.849,0.67,0.2135,0.63,0.2217
model-1643279507,1643279663.496,0.67,0.2153,0.62,0.2283
model-1643279507,1643279664.141,0.56,0.2301,0.63,0.2258
model-1643279507,1643279664.785,0.71,0.206,0.63,0.2224
model-1643279507,1643279665.431,0.63,0.2282,0.56,0.2432
model-1643279507,1643279666.075,0.65,0.224,0.62,0.2312
model-1643279507,1643279666.721,0.65,0.2171,0.65,0.2165
model-1643279507,1643279667.367,0.7,0.1944,0.63,0.2282
model-1643279507,1643279668.012,0.68,0.2044,0.62,0.2363
model-1643279507,1643279668.659,0.67,0.2145,0.62,0.2348
model-1643279507,1643279669.306,0.6,0.244,0.58,0.2406
model-1643279507,1643279669.953,0.67,0.2081,0.64,0.2163
model-1643279507,1643279670.599,0.66,0.2095,0.63,0.2249
model-1643279507,1643279671.245,0.54,0.2596,0.62,0.237
model-1643279507,1643279671.891,0.64,0.225,0.67,0.2009
model-1643279507,1643279672.536,0.63,0.2147,0.65,0.2187
model-1643279507,1643279673.182,0.64,0.235,0.65,0.197
model-1643279507,1643279673.827,0.58,0.2342,0.62,0.2329
model-1643279507,1643279674.474,0.65,0.2235,0.68,0.2113
model-1643279507,1643279675.12,0.65,0.2127,0.64,0.2273
model-1643279507,1643279675.767,0.71,0.201,0.7,0.2036
model-1643279507,1643279676.413,0.7,0.1989,0.69,0.2089
model-1643279507,1643279677.057,0.61,0.2216,0.72,0.1872
model-1643279507,1643279677.702,0.6,0.237,0.63,0.2353
model-1643279507,1643279678.347,0.71,0.1965,0.65,0.2074
model-1643279507,1643279678.993,0.63,0.2158,0.55,0.259
model-1643279507,1643279679.638,0.59,0.2649,0.63,0.2209
model-1643279507,1643279680.283,0.69,0.2033,0.67,0.2227
model-1643279507,1643279680.929,0.68,0.2043,0.63,0.2141
model-1643279507,1643279681.573,0.67,0.2123,0.55,0.2554
model-1643279507,1643279682.218,0.64,0.2214,0.64,0.2385
model-1643279507,1643279682.864,0.61,0.2263,0.71,0.2046
model-1643279507,1643279683.509,0.59,0.2507,0.61,0.2218
model-1643279507,1643279684.155,0.67,0.218,0.56,0.2416
model-1643279507,1643279684.801,0.61,0.2241,0.62,0.2267
model-1643279507,1643279685.446,0.57,0.2479,0.67,0.204
model-1643279507,1643279686.091,0.68,0.2059,0.62,0.2286
model-1643279507,1643279686.736,0.57,0.2445,0.68,0.2173
model-1643279507,1643279687.381,0.66,0.2156,0.65,0.2222
model-1643279507,1643279688.025,0.71,0.2088,0.65,0.2255
model-1643279507,1643279688.671,0.63,0.2281,0.63,0.218
model-1643279507,1643279689.317,0.71,0.2117,0.6,0.2305
model-1643279507,1643279689.962,0.68,0.2165,0.64,0.2248
model-1643279507,1643279690.609,0.74,0.2037,0.58,0.2348
model-1643279507,1643279691.254,0.64,0.222,0.68,0.2156
model-1643279507,1643279691.899,0.74,0.2077,0.74,0.1888
model-1643279507,1643279692.545,0.67,0.2156,0.64,0.23
model-1643279507,1643279693.19,0.68,0.2097,0.66,0.2205
model-1643279507,1643279693.835,0.56,0.237,0.69,0.2022
model-1643279507,1643279694.482,0.69,0.2,0.68,0.2176
model-1643279507,1643279695.127,0.63,0.2105,0.65,0.2094
model-1643279507,1643279695.773,0.65,0.219,0.67,0.2161
model-1643279507,1643279696.42,0.62,0.2317,0.65,0.2386
model-1643279507,1643279697.069,0.75,0.1927,0.64,0.2194
model-1643279507,1643279697.715,0.64,0.2191,0.64,0.2305
model-1643279507,1643279698.362,0.66,0.2229,0.69,0.2179
model-1643279507,1643279699.007,0.68,0.197,0.64,0.231
model-1643279507,1643279699.653,0.6,0.2425,0.67,0.2192
model-1643279507,1643279700.3,0.7,0.1934,0.61,0.2305
model-1643279507,1643279700.945,0.64,0.2189,0.74,0.1935
model-1643279507,1643279701.591,0.64,0.2438,0.73,0.2029
model-1643279507,1643279702.237,0.7,0.2011,0.68,0.2046
model-1643279507,1643279702.882,0.6,0.2344,0.57,0.2308
model-1643279507,1643279703.527,0.52,0.2572,0.66,0.2079
model-1643279507,1643279704.172,0.61,0.2324,0.62,0.232
model-1643279507,1643279704.817,0.58,0.2456,0.65,0.2221
model-1643279507,1643279705.462,0.67,0.2063,0.58,0.2305
model-1643279507,1643279706.107,0.7,0.2183,0.65,0.212
model-1643279507,1643279706.754,0.64,0.2262,0.62,0.2223
model-1643279507,1643279707.399,0.6,0.232,0.57,0.2324
model-1643279507,1643279708.045,0.65,0.2262,0.63,0.2199
model-1643279507,1643279708.691,0.72,0.1948,0.82,0.1861
model-1643279507,1643279709.338,0.71,0.1889,0.64,0.2173
model-1643279507,1643279709.988,0.71,0.1978,0.67,0.2189
model-1643279507,1643279710.641,0.58,0.2431,0.67,0.2048
model-1643279507,1643279711.289,0.73,0.2128,0.66,0.2204
model-1643279507,1643279711.937,0.65,0.2195,0.65,0.2284
model-1643279507,1643279712.584,0.58,0.2374,0.58,0.2495
model-1643279507,1643279713.229,0.52,0.2622,0.63,0.2346
model-1643279507,1643279713.875,0.63,0.2287,0.62,0.2326
model-1643279507,1643279714.52,0.61,0.2297,0.51,0.2407
model-1643279507,1643279715.177,0.72,0.2088,0.61,0.2188
model-1643279507,1643279715.839,0.71,0.2096,0.63,0.224
model-1643279507,1643279716.493,0.66,0.2253,0.65,0.2277
model-1643279507,1643279717.151,0.56,0.241,0.6,0.2247
model-1643279507,1643279717.796,0.61,0.2203,0.62,0.2337
model-1643279507,1643279718.441,0.57,0.2363,0.66,0.2211
model-1643279507,1643279719.093,0.6,0.2388,0.66,0.2168
model-1643279507,1643279719.742,0.68,0.2044,0.71,0.2087
model-1643279507,1643279720.39,0.61,0.241,0.61,0.2229
model-1643279507,1643279721.041,0.66,0.2304,0.64,0.2322
model-1643279507,1643279721.686,0.68,0.2103,0.57,0.2423
model-1643279507,1643279722.332,0.58,0.2394,0.64,0.2311
model-1643279507,1643279722.979,0.63,0.2236,0.68,0.2074
model-1643279507,1643279723.625,0.7,0.2121,0.62,0.2215
model-1643279507,1643279724.271,0.69,0.2067,0.62,0.2207
model-1643279507,1643279724.916,0.66,0.2256,0.63,0.2216
model-1643279507,1643279725.561,0.68,0.212,0.68,0.2031
model-1643279507,1643279726.205,0.61,0.2176,0.73,0.1952
model-1643279507,1643279726.855,0.64,0.212,0.62,0.2236
model-1643279507,1643279727.505,0.72,0.1887,0.62,0.2286
model-1643279507,1643279728.152,0.66,0.2069,0.64,0.2142
model-1643279507,1643279728.799,0.64,0.2001,0.64,0.2239
model-1643279507,1643279729.453,0.63,0.2155,0.75,0.1792
model-1643279507,1643279730.103,0.73,0.1882,0.68,0.2005
model-1643279507,1643279730.75,0.55,0.2275,0.75,0.1772
model-1643279507,1643279731.395,0.58,0.2289,0.72,0.1876
model-1643279507,1643279732.04,0.67,0.2002,0.68,0.2263
model-1643279507,1643279732.684,0.62,0.2293,0.76,0.1854
model-1643279507,1643279733.328,0.63,0.2239,0.7,0.2061
model-1643279507,1643279733.973,0.63,0.2125,0.67,0.2043
model-1643279507,1643279734.619,0.69,0.2021,0.77,0.1996
model-1643279507,1643279735.27,0.61,0.2159,0.64,0.2284
model-1643279507,1643279735.921,0.63,0.2166,0.68,0.2251
model-1643279507,1643279736.574,0.62,0.2439,0.68,0.2124
model-1643279507,1643279737.224,0.74,0.1908,0.68,0.2002
model-1643279507,1643279737.877,0.67,0.2083,0.6,0.2327
model-1643279507,1643279738.529,0.69,0.2055,0.72,0.1943
model-1643279507,1643279739.177,0.66,0.2147,0.67,0.2126
model-1643279507,1643279739.823,0.69,0.1961,0.62,0.2364
model-1643279507,1643279740.47,0.63,0.2163,0.82,0.1736
model-1643279507,1643279741.116,0.61,0.2371,0.71,0.1967
model-1643279507,1643279741.763,0.66,0.1979,0.67,0.2077
model-1643279507,1643279742.409,0.63,0.2195,0.61,0.2253
model-1643279507,1643279743.054,0.59,0.2367,0.63,0.2101
model-1643279507,1643279743.701,0.54,0.2451,0.73,0.1885
model-1643279507,1643279744.345,0.65,0.2182,0.71,0.2123
model-1643279507,1643279744.991,0.66,0.2075,0.65,0.2244
model-1643279507,1643279745.638,0.7,0.2012,0.66,0.2254
model-1643279507,1643279746.285,0.7,0.2034,0.65,0.2093
model-1643279507,1643279746.933,0.6,0.2242,0.7,0.1952
model-1643279507,1643279747.582,0.7,0.2118,0.72,0.2112
model-1643279507,1643279748.229,0.65,0.2155,0.6,0.2219
model-1643279507,1643279748.877,0.72,0.1965,0.66,0.2163
model-1643279507,1643279749.523,0.62,0.2228,0.64,0.2101
model-1643279507,1643279750.172,0.66,0.2211,0.63,0.2314
model-1643279507,1643279750.821,0.69,0.2006,0.67,0.2041
model-1643279507,1643279751.466,0.61,0.2217,0.65,0.2249
model-1643279507,1643279752.11,0.63,0.2223,0.68,0.1925
model-1643279507,1643279752.755,0.71,0.1998,0.66,0.2331
model-1643279507,1643279753.4,0.69,0.1977,0.69,0.2108
model-1643279507,1643279754.047,0.77,0.1806,0.68,0.2066
model-1643279507,1643279754.692,0.62,0.2084,0.65,0.2114
model-1643279507,1643279755.336,0.77,0.1801,0.74,0.1826
model-1643279507,1643279755.982,0.63,0.2258,0.74,0.1776
model-1643279507,1643279756.627,0.74,0.2008,0.7,0.2132
model-1643279507,1643279757.274,0.78,0.1616,0.59,0.2273
model-1643279507,1643279757.918,0.59,0.232,0.73,0.1889
model-1643279507,1643279758.563,0.61,0.2252,0.65,0.2131
model-1643279507,1643279759.209,0.65,0.2161,0.71,0.1941
model-1643279507,1643279759.855,0.63,0.2202,0.77,0.1656
model-1643279507,1643279760.499,0.72,0.186,0.63,0.2339
model-1643279507,1643279761.144,0.73,0.1871,0.71,0.1853
model-1643279507,1643279761.789,0.61,0.2233,0.67,0.197
model-1643279507,1643279762.434,0.67,0.2268,0.74,0.1813
model-1643279507,1643279763.081,0.64,0.2181,0.6,0.2372
model-1643279507,1643279763.726,0.62,0.2219,0.68,0.2096
model-1643279507,1643279764.372,0.65,0.2215,0.71,0.2033
model-1643279507,1643279765.017,0.59,0.2137,0.63,0.2155
model-1643279507,1643279765.663,0.71,0.1999,0.71,0.1893
model-1643279507,1643279766.316,0.72,0.1839,0.7,0.194
model-1643279507,1643279766.961,0.67,0.1917,0.64,0.1989
model-1643279507,1643279767.607,0.66,0.2077,0.66,0.2086
model-1643279507,1643279768.253,0.76,0.1748,0.72,0.2006
model-1643279507,1643279768.899,0.68,0.1976,0.67,0.2038
model-1643279507,1643279769.545,0.68,0.2102,0.65,0.2126
model-1643279507,1643279770.19,0.55,0.2571,0.78,0.178
model-1643279507,1643279770.835,0.6,0.2269,0.65,0.2142
model-1643279507,1643279771.484,0.69,0.1981,0.72,0.188
model-1643279507,1643279772.129,0.82,0.1679,0.74,0.1616
model-1643279507,1643279772.776,0.63,0.2162,0.68,0.1908
model-1643279507,1643279773.443,0.64,0.2392,0.72,0.1853
model-1643279507,1643279774.1,0.65,0.2075,0.64,0.2086
model-1643279507,1643279774.765,0.74,0.176,0.68,0.2033
model-1643279507,1643279775.434,0.61,0.2601,0.66,0.2128
model-1643279507,1643279776.101,0.68,0.2074,0.67,0.2033
model-1643279507,1643279776.76,0.7,0.1987,0.67,0.2082
model-1643279507,1643279777.417,0.65,0.2251,0.64,0.2201
model-1643279507,1643279778.068,0.72,0.1919,0.7,0.2016
model-1643279507,1643279778.716,0.59,0.2405,0.64,0.2331
model-1643279507,1643279779.39,0.56,0.2491,0.61,0.2136
model-1643279507,1643279780.05,0.69,0.2011,0.7,0.2004
model-1643279507,1643279780.7,0.69,0.2002,0.69,0.2019
model-1643279507,1643279781.348,0.66,0.2482,0.69,0.205
model-1643279507,1643279781.997,0.73,0.2003,0.66,0.2104
model-1643279507,1643279782.644,0.64,0.2151,0.68,0.2082
model-1643279507,1643279783.29,0.59,0.242,0.62,0.2528
model-1643279507,1643279783.937,0.63,0.2242,0.68,0.195
model-1643279507,1643279784.581,0.66,0.227,0.69,0.2036
model-1643279507,1643279785.242,0.55,0.2384,0.7,0.1955
model-1643279507,1643279785.913,0.63,0.2371,0.73,0.1933
model-1643279507,1643279786.591,0.66,0.2072,0.64,0.2125
model-1643279507,1643279787.242,0.74,0.1911,0.81,0.1868
model-1643279507,1643279787.902,0.79,0.1815,0.68,0.2031
model-1643279507,1643279788.557,0.64,0.2152,0.75,0.1808
model-1643279507,1643279789.213,0.73,0.1852,0.71,0.205
model-1643279507,1643279789.864,0.67,0.2058,0.7,0.2019
model-1643279507,1643279790.514,0.79,0.1819,0.69,0.208
model-1643279507,1643279791.166,0.71,0.2044,0.66,0.2232
model-1643279507,1643279791.813,0.76,0.1859,0.76,0.1662
model-1643279507,1643279792.466,0.65,0.2224,0.8,0.1536
model-1643279507,1643279793.111,0.75,0.193,0.64,0.2205
model-1643279507,1643279793.758,0.79,0.1709,0.66,0.1983
model-1643279507,1643279794.404,0.71,0.2021,0.61,0.2262
model-1643279507,1643279795.053,0.73,0.1897,0.66,0.2346
model-1643279507,1643279795.699,0.7,0.177,0.76,0.167
model-1643279507,1643279796.347,0.7,0.1984,0.76,0.1712
model-1643279507,1643279796.995,0.75,0.1892,0.73,0.1854
model-1643279507,1643279797.643,0.77,0.164,0.65,0.2099
model-1643279507,1643279798.29,0.74,0.1804,0.69,0.2118
model-1643279507,1643279798.698,0.75,0.1937,0.73,0.1894
model-1643279507,1643279799.348,0.57,0.2762,0.69,0.2216
model-1643279507,1643279799.994,0.69,0.1988,0.72,0.2018
model-1643279507,1643279800.645,0.7,0.1972,0.71,0.1838
model-1643279507,1643279801.302,0.71,0.1998,0.71,0.186
model-1643279507,1643279801.951,0.7,0.199,0.69,0.2073
model-1643279507,1643279802.597,0.68,0.2194,0.68,0.2039
model-1643279507,1643279803.243,0.67,0.2034,0.63,0.214
model-1643279507,1643279803.89,0.69,0.2131,0.71,0.1986
model-1643279507,1643279804.537,0.68,0.2184,0.74,0.1962
model-1643279507,1643279805.184,0.63,0.2012,0.61,0.2065
model-1643279507,1643279805.837,0.76,0.178,0.65,0.2211
model-1643279507,1643279806.491,0.69,0.1942,0.68,0.1982
model-1643279507,1643279807.137,0.72,0.1966,0.63,0.2135
model-1643279507,1643279807.783,0.65,0.2038,0.81,0.1651
model-1643279507,1643279808.429,0.7,0.1963,0.62,0.2091
model-1643279507,1643279809.081,0.7,0.1922,0.75,0.1544
model-1643279507,1643279809.75,0.68,0.1995,0.8,0.1443
model-1643279507,1643279810.425,0.71,0.188,0.68,0.214
model-1643279507,1643279811.076,0.68,0.2099,0.68,0.194
model-1643279507,1643279811.736,0.74,0.1795,0.69,0.2085
model-1643279507,1643279812.388,0.76,0.1711,0.72,0.2099
model-1643279507,1643279813.033,0.74,0.1721,0.69,0.2127
model-1643279507,1643279813.696,0.7,0.1966,0.69,0.1829
model-1643279507,1643279814.343,0.74,0.1981,0.66,0.2007
model-1643279507,1643279814.988,0.69,0.2102,0.65,0.2304
model-1643279507,1643279815.636,0.63,0.2006,0.65,0.2223
model-1643279507,1643279816.283,0.72,0.1894,0.71,0.2061
model-1643279507,1643279816.927,0.67,0.2142,0.64,0.2169
model-1643279507,1643279817.574,0.66,0.2188,0.81,0.1368
model-1643279507,1643279818.228,0.72,0.2042,0.69,0.2
model-1643279507,1643279818.882,0.66,0.2072,0.65,0.2088
model-1643279507,1643279819.537,0.66,0.2184,0.65,0.195
model-1643279507,1643279820.193,0.73,0.1801,0.71,0.1933
model-1643279507,1643279820.847,0.72,0.177,0.68,0.2012
model-1643279507,1643279821.508,0.77,0.1758,0.71,0.1863
model-1643279507,1643279822.158,0.78,0.157,0.77,0.1606
model-1643279507,1643279822.821,0.71,0.1889,0.69,0.1828
model-1643279507,1643279823.475,0.68,0.2227,0.73,0.1922
model-1643279507,1643279824.142,0.72,0.1878,0.76,0.1635
model-1643279507,1643279824.789,0.71,0.1839,0.69,0.2041
model-1643279507,1643279825.433,0.68,0.2252,0.63,0.2071
model-1643279507,1643279826.077,0.69,0.2002,0.7,0.2052
model-1643279507,1643279826.721,0.76,0.1701,0.69,0.1929
model-1643279507,1643279827.366,0.76,0.1735,0.66,0.2133
model-1643279507,1643279828.01,0.7,0.2025,0.65,0.2353
model-1643279507,1643279828.654,0.65,0.2216,0.65,0.2173
model-1643279507,1643279829.301,0.65,0.2319,0.74,0.1831
model-1643279507,1643279829.946,0.72,0.1901,0.69,0.1884
model-1643279507,1643279830.593,0.74,0.1863,0.68,0.2168
model-1643279507,1643279831.237,0.63,0.223,0.75,0.1774
model-1643279507,1643279831.883,0.75,0.1795,0.67,0.1817
model-1643279507,1643279832.528,0.68,0.2016,0.72,0.1984
model-1643279507,1643279833.173,0.72,0.1803,0.74,0.2003
model-1643279507,1643279833.817,0.66,0.2085,0.72,0.1875
model-1643279507,1643279834.463,0.71,0.1862,0.72,0.177
model-1643279507,1643279835.108,0.73,0.1821,0.69,0.1987
model-1643279507,1643279835.752,0.73,0.1848,0.76,0.1812
model-1643279507,1643279836.399,0.78,0.1744,0.72,0.1899
model-1643279507,1643279837.046,0.7,0.2047,0.82,0.1458
model-1643279507,1643279837.694,0.8,0.163,0.73,0.2002
model-1643279507,1643279838.339,0.76,0.1709,0.74,0.1749
model-1643279507,1643279839.008,0.65,0.2004,0.7,0.1837
model-1643279507,1643279839.656,0.69,0.2012,0.84,0.1311
model-1643279507,1643279840.304,0.71,0.1917,0.71,0.1874
model-1643279507,1643279840.952,0.71,0.2008,0.78,0.1525
model-1643279507,1643279841.599,0.69,0.1981,0.68,0.2081
model-1643279507,1643279842.244,0.74,0.2009,0.76,0.1842
model-1643279507,1643279842.889,0.78,0.1692,0.75,0.1651
model-1643279507,1643279843.54,0.77,0.1838,0.71,0.1884
model-1643279507,1643279844.187,0.79,0.1636,0.64,0.2326
model-1643279507,1643279844.835,0.71,0.1824,0.72,0.1828
model-1643279507,1643279845.489,0.67,0.2007,0.71,0.2125
model-1643279507,1643279846.137,0.75,0.1748,0.67,0.2173
model-1643279507,1643279846.79,0.7,0.1936,0.71,0.1987
model-1643279507,1643279847.44,0.66,0.2313,0.68,0.1991
model-1643279507,1643279848.09,0.65,0.2049,0.73,0.1903
model-1643279507,1643279848.737,0.69,0.1998,0.78,0.1507
model-1643279507,1643279849.382,0.66,0.2207,0.66,0.2243
model-1643279507,1643279850.054,0.68,0.2043,0.79,0.1411
model-1643279507,1643279850.702,0.65,0.2366,0.65,0.2027
model-1643279507,1643279851.351,0.71,0.1625,0.63,0.2104
model-1643279507,1643279851.996,0.79,0.1795,0.73,0.1999
model-1643279507,1643279852.642,0.68,0.2136,0.7,0.1892
model-1643279507,1643279853.293,0.7,0.1992,0.7,0.2049
model-1643279507,1643279853.94,0.69,0.202,0.69,0.2017
model-1643279507,1643279854.592,0.82,0.1634,0.69,0.2049
model-1643279507,1643279855.242,0.79,0.1599,0.61,0.2165
model-1643279507,1643279855.889,0.77,0.1624,0.74,0.1844
model-1643279507,1643279856.544,0.62,0.2493,0.78,0.1405
model-1643279507,1643279857.197,0.7,0.2064,0.74,0.1827
model-1643279507,1643279857.845,0.64,0.2244,0.68,0.1986
model-1643279507,1643279858.491,0.69,0.2048,0.73,0.182
model-1643279507,1643279859.139,0.6,0.2495,0.62,0.2074
model-1643279507,1643279859.788,0.66,0.2132,0.64,0.2225
model-1643279507,1643279860.435,0.7,0.1996,0.71,0.2013
model-1643279507,1643279861.085,0.77,0.1943,0.68,0.2032
model-1643279507,1643279861.73,0.74,0.1847,0.74,0.1898
model-1643279507,1643279862.375,0.67,0.2136,0.7,0.1948
model-1643279507,1643279863.024,0.57,0.2323,0.71,0.1892
model-1643279507,1643279863.671,0.72,0.2163,0.78,0.1674
model-1643279507,1643279864.325,0.65,0.2083,0.77,0.1644
model-1643279507,1643279864.974,0.64,0.22,0.71,0.2086
model-1643279507,1643279865.625,0.7,0.198,0.72,0.1832
model-1643279507,1643279866.278,0.65,0.2126,0.61,0.2315
model-1643279507,1643279866.929,0.69,0.2127,0.64,0.2256
model-1643279507,1643279867.574,0.74,0.1809,0.57,0.2274
model-1643279507,1643279868.22,0.6,0.227,0.74,0.2043
model-1643279507,1643279868.868,0.7,0.1922,0.61,0.2238
model-1643279507,1643279869.514,0.69,0.202,0.64,0.211
model-1643279507,1643279870.16,0.74,0.1888,0.65,0.2095
model-1643279507,1643279870.807,0.69,0.189,0.7,0.2056
model-1643279507,1643279871.463,0.73,0.1964,0.8,0.1547
model-1643279507,1643279872.111,0.68,0.2027,0.72,0.1867
model-1643279507,1643279872.769,0.76,0.185,0.73,0.1861
model-1643279507,1643279873.417,0.76,0.1776,0.75,0.1866
model-1643279507,1643279874.069,0.69,0.1949,0.69,0.1994
model-1643279507,1643279874.718,0.65,0.1955,0.7,0.2106
model-1643279507,1643279875.366,0.7,0.1852,0.74,0.199
model-1643279507,1643279876.014,0.76,0.1605,0.67,0.2044
model-1643279507,1643279876.658,0.66,0.222,0.7,0.1858
model-1643279507,1643279877.308,0.73,0.1865,0.65,0.2133
model-1643279507,1643279877.96,0.71,0.1814,0.7,0.181
model-1643279507,1643279878.607,0.7,0.2035,0.7,0.201
model-1643279507,1643279879.258,0.7,0.1937,0.68,0.2038
model-1643279507,1643279879.907,0.7,0.1917,0.77,0.1758
model-1643279507,1643279880.562,0.78,0.1555,0.72,0.1817
model-1643279507,1643279881.213,0.7,0.1904,0.72,0.1691
model-1643279507,1643279881.86,0.79,0.1756,0.66,0.2049
model-1643279507,1643279882.505,0.66,0.2218,0.69,0.2007
model-1643279507,1643279883.151,0.76,0.1754,0.81,0.1623
model-1643279507,1643279883.803,0.66,0.2044,0.71,0.1888
model-1643279507,1643279884.454,0.75,0.1711,0.77,0.1761
model-1643279507,1643279885.102,0.72,0.1939,0.62,0.2214
model-1643279507,1643279885.756,0.66,0.1968,0.73,0.1854
model-1643279507,1643279886.407,0.72,0.1758,0.74,0.1718
model-1643279507,1643279887.059,0.68,0.2112,0.74,0.1494
model-1643279507,1643279887.708,0.72,0.1879,0.77,0.1414
model-1643279507,1643279888.357,0.7,0.2087,0.72,0.174
model-1643279507,1643279889.006,0.62,0.2293,0.73,0.1865
model-1643279507,1643279889.656,0.69,0.2073,0.75,0.1724
model-1643279507,1643279890.307,0.66,0.2005,0.79,0.1553
model-1643279507,1643279890.955,0.81,0.1593,0.75,0.183
model-1643279507,1643279891.604,0.75,0.1595,0.74,0.1693
model-1643279507,1643279892.249,0.78,0.159,0.81,0.1712
model-1643279507,1643279892.895,0.68,0.1999,0.7,0.1881
model-1643279507,1643279893.539,0.72,0.1923,0.7,0.2011
model-1643279507,1643279894.189,0.71,0.189,0.77,0.1684
model-1643279507,1643279894.854,0.74,0.1746,0.67,0.2146
model-1643279507,1643279895.511,0.69,0.1995,0.68,0.1939
model-1643279507,1643279896.159,0.67,0.2063,0.69,0.1954
model-1643279507,1643279896.805,0.71,0.1837,0.68,0.1961
model-1643279507,1643279897.457,0.74,0.1958,0.74,0.1988
model-1643279507,1643279898.106,0.73,0.2017,0.66,0.1951
model-1643279507,1643279898.76,0.71,0.1965,0.66,0.2224
model-1643279507,1643279899.412,0.76,0.167,0.82,0.1596
model-1643279507,1643279900.063,0.79,0.1584,0.73,0.1862
model-1643279507,1643279900.71,0.73,0.1905,0.71,0.1897
model-1643279507,1643279901.358,0.78,0.154,0.75,0.1954
model-1643279507,1643279902.009,0.75,0.199,0.73,0.2003
model-1643279507,1643279902.656,0.77,0.1692,0.77,0.1668
model-1643279507,1643279903.313,0.8,0.1496,0.75,0.1956
model-1643279507,1643279903.968,0.67,0.2018,0.79,0.161
model-1643279507,1643279904.622,0.78,0.1735,0.65,0.2238
model-1643279507,1643279905.272,0.67,0.2007,0.68,0.2203
model-1643279507,1643279905.916,0.68,0.1972,0.8,0.1417
model-1643279507,1643279906.567,0.77,0.1606,0.68,0.224
model-1643279507,1643279907.222,0.79,0.1586,0.65,0.2215
model-1643279507,1643279907.868,0.71,0.1857,0.68,0.1984
model-1643279507,1643279908.518,0.72,0.1992,0.71,0.1988
model-1643279507,1643279909.182,0.68,0.2003,0.74,0.178
model-1643279507,1643279909.837,0.66,0.2067,0.71,0.2165
model-1643279507,1643279910.486,0.76,0.1681,0.83,0.1227
model-1643279507,1643279911.153,0.66,0.2036,0.74,0.1849
model-1643279507,1643279911.804,0.77,0.1719,0.67,0.196
model-1643279507,1643279912.456,0.79,0.1478,0.62,0.2376
model-1643279507,1643279913.102,0.76,0.157,0.76,0.1584
model-1643279507,1643279913.749,0.7,0.1736,0.75,0.1623
model-1643279507,1643279914.4,0.78,0.158,0.73,0.1769
model-1643279507,1643279915.051,0.78,0.1533,0.76,0.1513
model-1643279507,1643279915.699,0.72,0.1904,0.72,0.176
model-1643279507,1643279916.347,0.65,0.2345,0.68,0.1993
model-1643279507,1643279916.991,0.63,0.2125,0.66,0.2102
model-1643279507,1643279917.64,0.7,0.1768,0.68,0.2207
model-1643279507,1643279918.288,0.73,0.164,0.66,0.1943
model-1643279507,1643279918.933,0.69,0.1976,0.67,0.2033
model-1643279507,1643279919.578,0.68,0.2077,0.68,0.1941
model-1643279507,1643279920.23,0.67,0.2006,0.73,0.1636
model-1643279507,1643279920.881,0.76,0.1613,0.73,0.1727
model-1643279507,1643279921.529,0.73,0.1824,0.69,0.1977
model-1643279507,1643279922.177,0.72,0.176,0.66,0.2003
model-1643279507,1643279922.822,0.74,0.1804,0.64,0.2302
model-1643279507,1643279923.468,0.69,0.2059,0.77,0.1523
model-1643279507,1643279924.116,0.73,0.1863,0.63,0.2323
model-1643279507,1643279924.766,0.7,0.1891,0.73,0.1864
model-1643279507,1643279925.414,0.68,0.1929,0.67,0.2213
model-1643279507,1643279926.06,0.72,0.1767,0.79,0.1663
model-1643279507,1643279926.706,0.71,0.1841,0.68,0.1793
model-1643279507,1643279927.354,0.68,0.2192,0.7,0.1929
model-1643279507,1643279928.0,0.77,0.1787,0.69,0.2186
model-1643279507,1643279928.644,0.77,0.1793,0.73,0.1875
model-1643279507,1643279929.289,0.68,0.2149,0.72,0.2108
model-1643279507,1643279929.934,0.71,0.2022,0.77,0.1714
model-1643279507,1643279930.588,0.71,0.1956,0.74,0.152
model-1643279507,1643279931.233,0.7,0.193,0.8,0.1459
model-1643279507,1643279931.877,0.68,0.2065,0.68,0.2028
model-1643279507,1643279932.521,0.68,0.1837,0.79,0.1565
model-1643279507,1643279933.165,0.78,0.1619,0.78,0.1677
model-1643279507,1643279933.812,0.83,0.1487,0.72,0.1864
model-1643279507,1643279934.46,0.73,0.1905,0.69,0.2003
model-1643279507,1643279935.104,0.79,0.1528,0.76,0.1642
model-1643279507,1643279935.751,0.72,0.1846,0.81,0.144
model-1643279507,1643279936.399,0.8,0.1597,0.67,0.2099
model-1643279507,1643279937.046,0.72,0.1903,0.72,0.1714
model-1643279507,1643279937.694,0.82,0.1616,0.71,0.1861
model-1643279507,1643279938.34,0.71,0.2006,0.69,0.197
model-1643279507,1643279938.99,0.77,0.1588,0.74,0.1567
model-1643279507,1643279939.645,0.77,0.1558,0.76,0.1629
model-1643279507,1643279940.294,0.74,0.1695,0.69,0.1967
model-1643279507,1643279940.939,0.73,0.1783,0.75,0.1727
model-1643279507,1643279941.585,0.76,0.1474,0.69,0.1845
model-1643279507,1643279942.233,0.74,0.1786,0.68,0.1915
model-1643279507,1643279942.881,0.75,0.169,0.78,0.1654
model-1643279507,1643279943.529,0.79,0.1464,0.77,0.1722
model-1643279507,1643279944.18,0.79,0.164,0.73,0.1829
model-1643279507,1643279944.59,0.79,0.1602,0.76,0.1555
